<?xml version="1.0" encoding="UTF-8"?>
<!-- Generated by org.testng.reporters.JUnitXMLReporter -->
<testsuite ignored="6" hostname="DESKTOP-9M7QBSC" failures="0" tests="2" name="Test" time="0.142" errors="0" timestamp="2022-12-14T12:25:04 IST">
  <testcase classname="testNG_xml.Testing2" name="H" time="0.021"/>
  <testcase classname="testNG_xml.Testing1" name="A" time="0.003"/>
  <testcase classname="testNG_xml.Testing1" name="B" time="0.0">
    <ignored/>
  </testcase> <!-- B -->
  <testcase classname="testNG_xml.Testing1" name="C" time="0.0">
    <ignored/>
  </testcase> <!-- C -->
  <testcase classname="testNG_xml.Testing2" name="G" time="0.0">
    <ignored/>
  </testcase> <!-- G -->
  <testcase classname="testNG_xml.Testing2" name="F" time="0.0">
    <ignored/>
  </testcase> <!-- F -->
  <testcase classname="testNG_xml.Testing2" name="E" time="0.0">
    <ignored/>
  </testcase> <!-- E -->
  <testcase classname="testNG_xml.Testing1" name="D" time="0.0">
    <ignored/>
  </testcase> <!-- D -->
</testsuite> <!-- Test -->
